<?xml version="1.0" encoding="UTF-8"?>
<!-- Generated by org.testng.reporters.JUnitReportReporter -->
<testsuite hostname="Xuyens-MacBook-Air.local" failures="0" tests="6" name="com.nopcommerce.account.Account_01_Register" time="0.018" errors="0" timestamp="21 Sep 2024 00:35:34 GMT" skipped="0">
  <testcase classname="com.nopcommerce.account.Account_01_Register" name="Register_01_Empty_Data" time="0.009"/>
  <testcase classname="com.nopcommerce.account.Account_01_Register" name="Register_02_Invalid_Email" time="0.001"/>
  <testcase classname="com.nopcommerce.account.Account_01_Register" name="Register_03_Invalid_Password" time="0.003"/>
  <testcase classname="com.nopcommerce.account.Account_01_Register" name="f" time="0.000"/>
  <testcase classname="com.nopcommerce.account.Account_01_Register" name="Register_04_Invalid_Confirm_Password" time="0.003"/>
  <testcase classname="com.nopcommerce.account.Account_01_Register" name="Register_05_Success" time="0.002"/>
</testsuite> <!-- com.nopcommerce.account.Account_01_Register -->
